[29-Nov-2017 21:35:52 UTC] PHP Warning:  include(../../../inc/dbConnection.php): failed to open stream: No such file or directory in /home/ubuntu/workspace/dmcfate336/labs/lab9/api/getPetInfo.php on line 3
[29-Nov-2017 21:35:52 UTC] PHP Stack trace:
[29-Nov-2017 21:35:52 UTC] PHP   1. {main}() /home/ubuntu/workspace/dmcfate336/labs/lab9/api/getPetInfo.php:0
[29-Nov-2017 21:35:52 UTC] PHP Warning:  include(): Failed opening '../../../inc/dbConnection.php' for inclusion (include_path='.:/usr/share/php:/usr/share/pear') in /home/ubuntu/workspace/dmcfate336/labs/lab9/api/getPetInfo.php on line 3
[29-Nov-2017 21:35:52 UTC] PHP Stack trace:
[29-Nov-2017 21:35:52 UTC] PHP   1. {main}() /home/ubuntu/workspace/dmcfate336/labs/lab9/api/getPetInfo.php:0
[29-Nov-2017 21:35:52 UTC] PHP Fatal error:  Call to undefined function getDBConnection() in /home/ubuntu/workspace/dmcfate336/labs/lab9/api/getPetInfo.php on line 4
[29-Nov-2017 21:35:52 UTC] PHP Stack trace:
[29-Nov-2017 21:35:52 UTC] PHP   1. {main}() /home/ubuntu/workspace/dmcfate336/labs/lab9/api/getPetInfo.php:0
[29-Nov-2017 21:36:23 UTC] PHP Warning:  include(../../../inc/dbConnection.php): failed to open stream: No such file or directory in /home/ubuntu/workspace/dmcfate336/labs/lab9/api/getPetInfo.php on line 3
[29-Nov-2017 21:36:23 UTC] PHP Stack trace:
[29-Nov-2017 21:36:23 UTC] PHP   1. {main}() /home/ubuntu/workspace/dmcfate336/labs/lab9/api/getPetInfo.php:0
[29-Nov-2017 21:36:23 UTC] PHP Warning:  include(): Failed opening '../../../inc/dbConnection.php' for inclusion (include_path='.:/usr/share/php:/usr/share/pear') in /home/ubuntu/workspace/dmcfate336/labs/lab9/api/getPetInfo.php on line 3
[29-Nov-2017 21:36:23 UTC] PHP Stack trace:
[29-Nov-2017 21:36:23 UTC] PHP   1. {main}() /home/ubuntu/workspace/dmcfate336/labs/lab9/api/getPetInfo.php:0
[29-Nov-2017 21:36:23 UTC] PHP Fatal error:  Call to undefined function getDBConnection() in /home/ubuntu/workspace/dmcfate336/labs/lab9/api/getPetInfo.php on line 4
[29-Nov-2017 21:36:23 UTC] PHP Stack trace:
[29-Nov-2017 21:36:23 UTC] PHP   1. {main}() /home/ubuntu/workspace/dmcfate336/labs/lab9/api/getPetInfo.php:0
[29-Nov-2017 21:36:36 UTC] PHP Warning:  include(../../../inc/dbConnection.php): failed to open stream: No such file or directory in /home/ubuntu/workspace/dmcfate336/labs/lab9/api/getPetInfo.php on line 3
[29-Nov-2017 21:36:36 UTC] PHP Stack trace:
[29-Nov-2017 21:36:36 UTC] PHP   1. {main}() /home/ubuntu/workspace/dmcfate336/labs/lab9/api/getPetInfo.php:0
[29-Nov-2017 21:36:36 UTC] PHP Warning:  include(): Failed opening '../../../inc/dbConnection.php' for inclusion (include_path='.:/usr/share/php:/usr/share/pear') in /home/ubuntu/workspace/dmcfate336/labs/lab9/api/getPetInfo.php on line 3
[29-Nov-2017 21:36:36 UTC] PHP Stack trace:
[29-Nov-2017 21:36:36 UTC] PHP   1. {main}() /home/ubuntu/workspace/dmcfate336/labs/lab9/api/getPetInfo.php:0
[29-Nov-2017 21:36:36 UTC] PHP Fatal error:  Call to undefined function getDBConnection() in /home/ubuntu/workspace/dmcfate336/labs/lab9/api/getPetInfo.php on line 4
[29-Nov-2017 21:36:36 UTC] PHP Stack trace:
[29-Nov-2017 21:36:36 UTC] PHP   1. {main}() /home/ubuntu/workspace/dmcfate336/labs/lab9/api/getPetInfo.php:0
[29-Nov-2017 21:39:11 UTC] PHP Warning:  include(../../../inc/dbConnection.php): failed to open stream: No such file or directory in /home/ubuntu/workspace/dmcfate336/labs/lab9/api/getPetInfo.php on line 3
[29-Nov-2017 21:39:11 UTC] PHP Stack trace:
[29-Nov-2017 21:39:11 UTC] PHP   1. {main}() /home/ubuntu/workspace/dmcfate336/labs/lab9/api/getPetInfo.php:0
[29-Nov-2017 21:39:11 UTC] PHP Warning:  include(): Failed opening '../../../inc/dbConnection.php' for inclusion (include_path='.:/usr/share/php:/usr/share/pear') in /home/ubuntu/workspace/dmcfate336/labs/lab9/api/getPetInfo.php on line 3
[29-Nov-2017 21:39:11 UTC] PHP Stack trace:
[29-Nov-2017 21:39:11 UTC] PHP   1. {main}() /home/ubuntu/workspace/dmcfate336/labs/lab9/api/getPetInfo.php:0
[29-Nov-2017 21:39:11 UTC] PHP Fatal error:  Call to undefined function getDBConnection() in /home/ubuntu/workspace/dmcfate336/labs/lab9/api/getPetInfo.php on line 4
[29-Nov-2017 21:39:11 UTC] PHP Stack trace:
[29-Nov-2017 21:39:11 UTC] PHP   1. {main}() /home/ubuntu/workspace/dmcfate336/labs/lab9/api/getPetInfo.php:0
[29-Nov-2017 21:39:34 UTC] PHP Fatal error:  Call to undefined function getDBConnection() in /home/ubuntu/workspace/dmcfate336/labs/lab9/api/getPetInfo.php on line 4
[29-Nov-2017 21:39:34 UTC] PHP Stack trace:
[29-Nov-2017 21:39:34 UTC] PHP   1. {main}() /home/ubuntu/workspace/dmcfate336/labs/lab9/api/getPetInfo.php:0
