[08-Sep-2017 19:29:11 UTC] PHP Parse error:  syntax error, unexpected '", "' (T_CONSTANT_ENCAPSED_STRING), expecting ',' or ';' in /home/ubuntu/workspace/dmcfate336/practice/randomColor.php on line 15
[08-Sep-2017 19:29:35 UTC] PHP Parse error:  syntax error, unexpected '", "' (T_CONSTANT_ENCAPSED_STRING), expecting ',' or ';' in /home/ubuntu/workspace/dmcfate336/practice/randomColor.php on line 15
[08-Sep-2017 19:30:30 UTC] PHP Parse error:  syntax error, unexpected '", "' (T_CONSTANT_ENCAPSED_STRING), expecting ',' or ';' in /home/ubuntu/workspace/dmcfate336/practice/randomColor.php on line 15
[11-Oct-2017 20:26:30 UTC] PHP Fatal error:  Call to a member function prepare() on a non-object in /home/ubuntu/workspace/dmcfate336/practice/sql_joins.php on line 17
[11-Oct-2017 20:26:30 UTC] PHP Stack trace:
[11-Oct-2017 20:26:30 UTC] PHP   1. {main}() /home/ubuntu/workspace/dmcfate336/practice/sql_joins.php:0
[11-Oct-2017 20:26:30 UTC] PHP   2. getUsersAndDepartments() /home/ubuntu/workspace/dmcfate336/practice/sql_joins.php:58
[11-Oct-2017 20:28:42 UTC] PHP Fatal error:  Call to a member function prepare() on a non-object in /home/ubuntu/workspace/dmcfate336/practice/sql_joins.php on line 36
[11-Oct-2017 20:28:42 UTC] PHP Stack trace:
[11-Oct-2017 20:28:42 UTC] PHP   1. {main}() /home/ubuntu/workspace/dmcfate336/practice/sql_joins.php:0
[11-Oct-2017 20:28:42 UTC] PHP   2. getUsersByTablets() /home/ubuntu/workspace/dmcfate336/practice/sql_joins.php:64
[11-Oct-2017 20:29:22 UTC] PHP Fatal error:  Call to a member function prepare() on a non-object in /home/ubuntu/workspace/dmcfate336/practice/sql_joins.php on line 17
[11-Oct-2017 20:29:22 UTC] PHP Stack trace:
[11-Oct-2017 20:29:22 UTC] PHP   1. {main}() /home/ubuntu/workspace/dmcfate336/practice/sql_joins.php:0
[11-Oct-2017 20:29:22 UTC] PHP   2. getUsersAndDepartments() /home/ubuntu/workspace/dmcfate336/practice/sql_joins.php:59
[20-Oct-2017 18:44:55 UTC] PHP Fatal error:  Call to undefined function selectCheck() in /home/ubuntu/workspace/dmcfate336/midterm/program1.php on line 17
[20-Oct-2017 18:44:55 UTC] PHP Stack trace:
[20-Oct-2017 18:44:55 UTC] PHP   1. {main}() /home/ubuntu/workspace/dmcfate336/midterm/program1.php:0
[20-Oct-2017 18:46:03 UTC] PHP Fatal error:  Call to undefined function selectCheck() in /home/ubuntu/workspace/dmcfate336/midterm/program1.php on line 19
[20-Oct-2017 18:46:03 UTC] PHP Stack trace:
[20-Oct-2017 18:46:03 UTC] PHP   1. {main}() /home/ubuntu/workspace/dmcfate336/midterm/program1.php:0
[20-Oct-2017 18:46:07 UTC] PHP Fatal error:  Call to undefined function selectCheck() in /home/ubuntu/workspace/dmcfate336/midterm/program1.php on line 19
[20-Oct-2017 18:46:07 UTC] PHP Stack trace:
[20-Oct-2017 18:46:07 UTC] PHP   1. {main}() /home/ubuntu/workspace/dmcfate336/midterm/program1.php:0
[20-Oct-2017 18:46:09 UTC] PHP Fatal error:  Call to undefined function selectCheck() in /home/ubuntu/workspace/dmcfate336/midterm/program1.php on line 19
[20-Oct-2017 18:46:09 UTC] PHP Stack trace:
[20-Oct-2017 18:46:09 UTC] PHP   1. {main}() /home/ubuntu/workspace/dmcfate336/midterm/program1.php:0
[20-Oct-2017 18:46:33 UTC] PHP Fatal error:  Call to undefined function selectCheck() in /home/ubuntu/workspace/dmcfate336/midterm/program1.php on line 19
[20-Oct-2017 18:46:33 UTC] PHP Stack trace:
[20-Oct-2017 18:46:33 UTC] PHP   1. {main}() /home/ubuntu/workspace/dmcfate336/midterm/program1.php:0
[06-Dec-2017 06:30:39 UTC] PHP Warning:  include(../../dbConnection.php): failed to open stream: No such file or directory in /home/ubuntu/workspace/dmcfate336/finalproject/loginUser.php on line 5
[06-Dec-2017 06:30:39 UTC] PHP Stack trace:
[06-Dec-2017 06:30:39 UTC] PHP   1. {main}() /home/ubuntu/workspace/dmcfate336/finalproject/loginUser.php:0
[06-Dec-2017 06:30:39 UTC] PHP Warning:  include(): Failed opening '../../dbConnection.php' for inclusion (include_path='.:/usr/share/php:/usr/share/pear') in /home/ubuntu/workspace/dmcfate336/finalproject/loginUser.php on line 5
[06-Dec-2017 06:30:39 UTC] PHP Stack trace:
[06-Dec-2017 06:30:39 UTC] PHP   1. {main}() /home/ubuntu/workspace/dmcfate336/finalproject/loginUser.php:0
[06-Dec-2017 06:30:39 UTC] PHP Fatal error:  Call to undefined function getDatabaseConnection() in /home/ubuntu/workspace/dmcfate336/finalproject/loginUser.php on line 6
[06-Dec-2017 06:30:39 UTC] PHP Stack trace:
[06-Dec-2017 06:30:39 UTC] PHP   1. {main}() /home/ubuntu/workspace/dmcfate336/finalproject/loginUser.php:0
[06-Dec-2017 23:58:08 UTC] PHP Fatal error:  Call to undefined function getAllUsers() in /home/ubuntu/workspace/dmcfate336/finalproject/chatroom.php on line 42
[06-Dec-2017 23:58:08 UTC] PHP Stack trace:
[06-Dec-2017 23:58:08 UTC] PHP   1. {main}() /home/ubuntu/workspace/dmcfate336/finalproject/chatroom.php:0
[06-Dec-2017 23:58:53 UTC] PHP Fatal error:  Call to undefined function getAllUsers() in /home/ubuntu/workspace/dmcfate336/finalproject/chatroom.php on line 44
[06-Dec-2017 23:58:53 UTC] PHP Stack trace:
[06-Dec-2017 23:58:53 UTC] PHP   1. {main}() /home/ubuntu/workspace/dmcfate336/finalproject/chatroom.php:0
[06-Dec-2017 23:58:54 UTC] PHP Fatal error:  Call to undefined function getAllUsers() in /home/ubuntu/workspace/dmcfate336/finalproject/chatroom.php on line 44
[06-Dec-2017 23:58:54 UTC] PHP Stack trace:
[06-Dec-2017 23:58:54 UTC] PHP   1. {main}() /home/ubuntu/workspace/dmcfate336/finalproject/chatroom.php:0
[07-Dec-2017 01:27:15 UTC] PHP Fatal error:  Uncaught exception 'PDOException' with message 'SQLSTATE[23000]: Integrity constraint violation: 1048 Column 'username' cannot be null' in /home/ubuntu/workspace/dmcfate336/finalproject/addUser.php:24
Stack trace:
#0 /home/ubuntu/workspace/dmcfate336/finalproject/addUser.php(24): PDOStatement->execute(Array)
#1 {main}
  thrown in /home/ubuntu/workspace/dmcfate336/finalproject/addUser.php on line 24
[07-Dec-2017 01:27:20 UTC] PHP Fatal error:  Uncaught exception 'PDOException' with message 'SQLSTATE[23000]: Integrity constraint violation: 1048 Column 'username' cannot be null' in /home/ubuntu/workspace/dmcfate336/finalproject/addUser.php:24
Stack trace:
#0 /home/ubuntu/workspace/dmcfate336/finalproject/addUser.php(24): PDOStatement->execute(Array)
#1 {main}
  thrown in /home/ubuntu/workspace/dmcfate336/finalproject/addUser.php on line 24
[07-Dec-2017 01:27:21 UTC] PHP Fatal error:  Uncaught exception 'PDOException' with message 'SQLSTATE[23000]: Integrity constraint violation: 1048 Column 'username' cannot be null' in /home/ubuntu/workspace/dmcfate336/finalproject/addUser.php:24
Stack trace:
#0 /home/ubuntu/workspace/dmcfate336/finalproject/addUser.php(24): PDOStatement->execute(Array)
#1 {main}
  thrown in /home/ubuntu/workspace/dmcfate336/finalproject/addUser.php on line 24
[07-Dec-2017 01:27:34 UTC] PHP Fatal error:  Uncaught exception 'PDOException' with message 'SQLSTATE[23000]: Integrity constraint violation: 1048 Column 'username' cannot be null' in /home/ubuntu/workspace/dmcfate336/finalproject/addUser.php:24
Stack trace:
#0 /home/ubuntu/workspace/dmcfate336/finalproject/addUser.php(24): PDOStatement->execute(Array)
#1 {main}
  thrown in /home/ubuntu/workspace/dmcfate336/finalproject/addUser.php on line 24
[07-Dec-2017 01:32:25 UTC] PHP Fatal error:  Uncaught exception 'PDOException' with message 'SQLSTATE[23000]: Integrity constraint violation: 1048 Column 'username' cannot be null' in /home/ubuntu/workspace/dmcfate336/finalproject/addUser.php:24
Stack trace:
#0 /home/ubuntu/workspace/dmcfate336/finalproject/addUser.php(24): PDOStatement->execute(Array)
#1 {main}
  thrown in /home/ubuntu/workspace/dmcfate336/finalproject/addUser.php on line 24
[07-Dec-2017 03:41:21 UTC] PHP Warning:  include(inc/dbconnection.php): failed to open stream: No such file or directory in /home/ubuntu/workspace/dmcfate336/CfinalProj/login.php on line 3
[07-Dec-2017 03:41:21 UTC] PHP Stack trace:
[07-Dec-2017 03:41:21 UTC] PHP   1. {main}() /home/ubuntu/workspace/dmcfate336/CfinalProj/login.php:0
[07-Dec-2017 03:41:21 UTC] PHP Warning:  include(): Failed opening 'inc/dbconnection.php' for inclusion (include_path='.:/usr/share/php:/usr/share/pear') in /home/ubuntu/workspace/dmcfate336/CfinalProj/login.php on line 3
[07-Dec-2017 03:41:21 UTC] PHP Stack trace:
[07-Dec-2017 03:41:21 UTC] PHP   1. {main}() /home/ubuntu/workspace/dmcfate336/CfinalProj/login.php:0
[07-Dec-2017 03:41:21 UTC] PHP Fatal error:  Call to undefined function getDatabaseConnection() in /home/ubuntu/workspace/dmcfate336/CfinalProj/login.php on line 7
[07-Dec-2017 03:41:21 UTC] PHP Stack trace:
[07-Dec-2017 03:41:21 UTC] PHP   1. {main}() /home/ubuntu/workspace/dmcfate336/CfinalProj/login.php:0
[07-Dec-2017 03:45:53 UTC] PHP Fatal error:  Uncaught exception 'PDOException' with message 'SQLSTATE[42S02]: Base table or view not found: 1146 Table 'elements.weather_users' doesn't exist' in /home/ubuntu/workspace/dmcfate336/CfinalProj/login.php:20
Stack trace:
#0 /home/ubuntu/workspace/dmcfate336/CfinalProj/login.php(20): PDOStatement->execute(Array)
#1 /home/ubuntu/workspace/dmcfate336/CfinalProj/login.php(79): loginError()
#2 {main}
  thrown in /home/ubuntu/workspace/dmcfate336/CfinalProj/login.php on line 20
[07-Dec-2017 03:59:12 UTC] PHP Fatal error:  Uncaught exception 'PDOException' with message 'SQLSTATE[42S02]: Base table or view not found: 1146 Table 'elements.weather_users' doesn't exist' in /home/ubuntu/workspace/dmcfate336/CfinalProj/login.php:20
Stack trace:
#0 /home/ubuntu/workspace/dmcfate336/CfinalProj/login.php(20): PDOStatement->execute(Array)
#1 /home/ubuntu/workspace/dmcfate336/CfinalProj/login.php(79): loginError()
#2 {main}
  thrown in /home/ubuntu/workspace/dmcfate336/CfinalProj/login.php on line 20
[07-Dec-2017 04:01:34 UTC] PHP Fatal error:  Uncaught exception 'PDOException' with message 'SQLSTATE[42S02]: Base table or view not found: 1146 Table 'elements.weather_users' doesn't exist' in /home/ubuntu/workspace/dmcfate336/CfinalProj/login.php:20
Stack trace:
#0 /home/ubuntu/workspace/dmcfate336/CfinalProj/login.php(20): PDOStatement->execute(Array)
#1 /home/ubuntu/workspace/dmcfate336/CfinalProj/login.php(79): loginError()
#2 {main}
  thrown in /home/ubuntu/workspace/dmcfate336/CfinalProj/login.php on line 20
[07-Dec-2017 04:02:47 UTC] PHP Fatal error:  Uncaught exception 'PDOException' with message 'SQLSTATE[42S02]: Base table or view not found: 1146 Table 'elements.weather_users' doesn't exist' in /home/ubuntu/workspace/dmcfate336/CfinalProj/login.php:20
Stack trace:
#0 /home/ubuntu/workspace/dmcfate336/CfinalProj/login.php(20): PDOStatement->execute(Array)
#1 /home/ubuntu/workspace/dmcfate336/CfinalProj/login.php(79): loginError()
#2 {main}
  thrown in /home/ubuntu/workspace/dmcfate336/CfinalProj/login.php on line 20
[07-Dec-2017 04:02:48 UTC] PHP Fatal error:  Uncaught exception 'PDOException' with message 'SQLSTATE[42S02]: Base table or view not found: 1146 Table 'elements.weather_users' doesn't exist' in /home/ubuntu/workspace/dmcfate336/CfinalProj/login.php:20
Stack trace:
#0 /home/ubuntu/workspace/dmcfate336/CfinalProj/login.php(20): PDOStatement->execute(Array)
#1 /home/ubuntu/workspace/dmcfate336/CfinalProj/login.php(79): loginError()
#2 {main}
  thrown in /home/ubuntu/workspace/dmcfate336/CfinalProj/login.php on line 20
[07-Dec-2017 04:02:50 UTC] PHP Fatal error:  Uncaught exception 'PDOException' with message 'SQLSTATE[42S02]: Base table or view not found: 1146 Table 'elements.weather_users' doesn't exist' in /home/ubuntu/workspace/dmcfate336/CfinalProj/login.php:20
Stack trace:
#0 /home/ubuntu/workspace/dmcfate336/CfinalProj/login.php(20): PDOStatement->execute(Array)
#1 /home/ubuntu/workspace/dmcfate336/CfinalProj/login.php(79): loginError()
#2 {main}
  thrown in /home/ubuntu/workspace/dmcfate336/CfinalProj/login.php on line 20
[07-Dec-2017 04:02:51 UTC] PHP Fatal error:  Uncaught exception 'PDOException' with message 'SQLSTATE[42S02]: Base table or view not found: 1146 Table 'elements.weather_users' doesn't exist' in /home/ubuntu/workspace/dmcfate336/CfinalProj/login.php:20
Stack trace:
#0 /home/ubuntu/workspace/dmcfate336/CfinalProj/login.php(20): PDOStatement->execute(Array)
#1 /home/ubuntu/workspace/dmcfate336/CfinalProj/login.php(79): loginError()
#2 {main}
  thrown in /home/ubuntu/workspace/dmcfate336/CfinalProj/login.php on line 20
[07-Dec-2017 04:25:55 UTC] PHP Fatal error:  Uncaught exception 'PDOException' with message 'SQLSTATE[42S22]: Column not found: 1054 Unknown column 'userName' in 'where clause'' in /home/ubuntu/workspace/dmcfate336/CfinalProj/login.php:20
Stack trace:
#0 /home/ubuntu/workspace/dmcfate336/CfinalProj/login.php(20): PDOStatement->execute(Array)
#1 /home/ubuntu/workspace/dmcfate336/CfinalProj/login.php(79): loginError()
#2 {main}
  thrown in /home/ubuntu/workspace/dmcfate336/CfinalProj/login.php on line 20
[07-Dec-2017 04:26:39 UTC] PHP Fatal error:  Uncaught exception 'PDOException' with message 'SQLSTATE[42S22]: Column not found: 1054 Unknown column 'userName' in 'where clause'' in /home/ubuntu/workspace/dmcfate336/CfinalProj/login.php:20
Stack trace:
#0 /home/ubuntu/workspace/dmcfate336/CfinalProj/login.php(20): PDOStatement->execute(Array)
#1 /home/ubuntu/workspace/dmcfate336/CfinalProj/login.php(79): loginError()
#2 {main}
  thrown in /home/ubuntu/workspace/dmcfate336/CfinalProj/login.php on line 20
[07-Dec-2017 04:27:54 UTC] PHP Fatal error:  Uncaught exception 'PDOException' with message 'SQLSTATE[42S22]: Column not found: 1054 Unknown column 'userName' in 'where clause'' in /home/ubuntu/workspace/dmcfate336/CfinalProj/login.php:20
Stack trace:
#0 /home/ubuntu/workspace/dmcfate336/CfinalProj/login.php(20): PDOStatement->execute(Array)
#1 /home/ubuntu/workspace/dmcfate336/CfinalProj/login.php(79): loginError()
#2 {main}
  thrown in /home/ubuntu/workspace/dmcfate336/CfinalProj/login.php on line 20
[07-Dec-2017 04:48:41 UTC] PHP Parse error:  syntax error, unexpected '[' in /home/ubuntu/workspace/dmcfate336/CfinalProj/inc/header.php on line 27
[07-Dec-2017 04:48:41 UTC] PHP Stack trace:
[07-Dec-2017 04:48:41 UTC] PHP   1. {main}() /home/ubuntu/workspace/dmcfate336/CfinalProj/index.php:0
[07-Dec-2017 04:49:49 UTC] PHP Parse error:  syntax error, unexpected '}', expecting ',' or ';' in /home/ubuntu/workspace/dmcfate336/CfinalProj/inc/header.php on line 29
[07-Dec-2017 04:49:49 UTC] PHP Stack trace:
[07-Dec-2017 04:49:49 UTC] PHP   1. {main}() /home/ubuntu/workspace/dmcfate336/CfinalProj/index.php:0
[07-Dec-2017 04:50:37 UTC] PHP Warning:  include(../../dbConnection.php): failed to open stream: No such file or directory in /home/ubuntu/workspace/dmcfate336/finalproject/checkUsername.php on line 2
[07-Dec-2017 04:50:37 UTC] PHP Stack trace:
[07-Dec-2017 04:50:37 UTC] PHP   1. {main}() /home/ubuntu/workspace/dmcfate336/finalproject/checkUsername.php:0
[07-Dec-2017 04:50:37 UTC] PHP Warning:  include(): Failed opening '../../dbConnection.php' for inclusion (include_path='.:/usr/share/php:/usr/share/pear') in /home/ubuntu/workspace/dmcfate336/finalproject/checkUsername.php on line 2
[07-Dec-2017 04:50:37 UTC] PHP Stack trace:
[07-Dec-2017 04:50:37 UTC] PHP   1. {main}() /home/ubuntu/workspace/dmcfate336/finalproject/checkUsername.php:0
[07-Dec-2017 04:50:37 UTC] PHP Fatal error:  Call to undefined function getDatabaseConnection() in /home/ubuntu/workspace/dmcfate336/finalproject/checkUsername.php on line 3
[07-Dec-2017 04:50:37 UTC] PHP Stack trace:
[07-Dec-2017 04:50:37 UTC] PHP   1. {main}() /home/ubuntu/workspace/dmcfate336/finalproject/checkUsername.php:0
[07-Dec-2017 04:52:39 UTC] PHP Warning:  include(../../dbConnection.php): failed to open stream: No such file or directory in /home/ubuntu/workspace/dmcfate336/finalproject/checkUsername.php on line 2
[07-Dec-2017 04:52:39 UTC] PHP Stack trace:
[07-Dec-2017 04:52:39 UTC] PHP   1. {main}() /home/ubuntu/workspace/dmcfate336/finalproject/checkUsername.php:0
[07-Dec-2017 04:52:39 UTC] PHP Warning:  include(): Failed opening '../../dbConnection.php' for inclusion (include_path='.:/usr/share/php:/usr/share/pear') in /home/ubuntu/workspace/dmcfate336/finalproject/checkUsername.php on line 2
[07-Dec-2017 04:52:39 UTC] PHP Stack trace:
[07-Dec-2017 04:52:39 UTC] PHP   1. {main}() /home/ubuntu/workspace/dmcfate336/finalproject/checkUsername.php:0
[07-Dec-2017 04:52:39 UTC] PHP Fatal error:  Call to undefined function getDatabaseConnection() in /home/ubuntu/workspace/dmcfate336/finalproject/checkUsername.php on line 3
[07-Dec-2017 04:52:39 UTC] PHP Stack trace:
[07-Dec-2017 04:52:39 UTC] PHP   1. {main}() /home/ubuntu/workspace/dmcfate336/finalproject/checkUsername.php:0
[07-Dec-2017 05:18:41 UTC] PHP Parse error:  syntax error, unexpected '}', expecting ',' or ';' in /home/ubuntu/workspace/dmcfate336/CfinalProj/inc/header.php on line 34
[07-Dec-2017 05:18:41 UTC] PHP Stack trace:
[07-Dec-2017 05:18:41 UTC] PHP   1. {main}() /home/ubuntu/workspace/dmcfate336/CfinalProj/login.php:0
[07-Dec-2017 07:45:51 UTC] PHP Warning:  include(../../dbConnection.php): failed to open stream: No such file or directory in /home/ubuntu/workspace/dmcfate336/finalproject/checkUsername.php on line 2
[07-Dec-2017 07:45:51 UTC] PHP Stack trace:
[07-Dec-2017 07:45:51 UTC] PHP   1. {main}() /home/ubuntu/workspace/dmcfate336/finalproject/checkUsername.php:0
[07-Dec-2017 07:45:51 UTC] PHP Warning:  include(): Failed opening '../../dbConnection.php' for inclusion (include_path='.:/usr/share/php:/usr/share/pear') in /home/ubuntu/workspace/dmcfate336/finalproject/checkUsername.php on line 2
[07-Dec-2017 07:45:51 UTC] PHP Stack trace:
[07-Dec-2017 07:45:51 UTC] PHP   1. {main}() /home/ubuntu/workspace/dmcfate336/finalproject/checkUsername.php:0
[07-Dec-2017 07:45:51 UTC] PHP Fatal error:  Call to undefined function getDatabaseConnection() in /home/ubuntu/workspace/dmcfate336/finalproject/checkUsername.php on line 3
[07-Dec-2017 07:45:51 UTC] PHP Stack trace:
[07-Dec-2017 07:45:51 UTC] PHP   1. {main}() /home/ubuntu/workspace/dmcfate336/finalproject/checkUsername.php:0
[07-Dec-2017 10:34:47 UTC] PHP Warning:  include(../../dbConnection.php): failed to open stream: No such file or directory in /home/ubuntu/workspace/dmcfate336/finalproject/chatroom.php on line 3
[07-Dec-2017 10:34:47 UTC] PHP Stack trace:
[07-Dec-2017 10:34:47 UTC] PHP   1. {main}() /home/ubuntu/workspace/dmcfate336/finalproject/chatroom.php:0
[07-Dec-2017 10:34:47 UTC] PHP Warning:  include(): Failed opening '../../dbConnection.php' for inclusion (include_path='.:/usr/share/php:/usr/share/pear') in /home/ubuntu/workspace/dmcfate336/finalproject/chatroom.php on line 3
[07-Dec-2017 10:34:47 UTC] PHP Stack trace:
[07-Dec-2017 10:34:47 UTC] PHP   1. {main}() /home/ubuntu/workspace/dmcfate336/finalproject/chatroom.php:0
[07-Dec-2017 10:34:47 UTC] PHP Fatal error:  Call to undefined function getDatabaseConnection() in /home/ubuntu/workspace/dmcfate336/finalproject/chatroom.php on line 4
[07-Dec-2017 10:34:47 UTC] PHP Stack trace:
[07-Dec-2017 10:34:47 UTC] PHP   1. {main}() /home/ubuntu/workspace/dmcfate336/finalproject/chatroom.php:0
[08-Dec-2017 04:04:28 UTC] PHP Fatal error:  Cannot redeclare getAllUsers() (previously declared in /home/ubuntu/workspace/dmcfate336/finalproject/chatroom.php:10) in /home/ubuntu/workspace/dmcfate336/finalproject/phpCalls/reUsers.php on line 4
[08-Dec-2017 04:04:28 UTC] PHP Stack trace:
[08-Dec-2017 04:04:28 UTC] PHP   1. {main}() /home/ubuntu/workspace/dmcfate336/finalproject/chatroom.php:0
[08-Dec-2017 04:08:50 UTC] PHP Warning:  include(../../dbConnection.php): failed to open stream: No such file or directory in /home/ubuntu/workspace/dmcfate336/finalproject/phpCalls/reUsers.php on line 2
[08-Dec-2017 04:08:50 UTC] PHP Stack trace:
[08-Dec-2017 04:08:50 UTC] PHP   1. {main}() /home/ubuntu/workspace/dmcfate336/finalproject/chatroom.php:0
[08-Dec-2017 04:08:50 UTC] PHP   2. include() /home/ubuntu/workspace/dmcfate336/finalproject/chatroom.php:6
[08-Dec-2017 04:08:50 UTC] PHP Warning:  include(): Failed opening '../../dbConnection.php' for inclusion (include_path='.:/usr/share/php:/usr/share/pear') in /home/ubuntu/workspace/dmcfate336/finalproject/phpCalls/reUsers.php on line 2
[08-Dec-2017 04:08:50 UTC] PHP Stack trace:
[08-Dec-2017 04:08:50 UTC] PHP   1. {main}() /home/ubuntu/workspace/dmcfate336/finalproject/chatroom.php:0
[08-Dec-2017 04:08:50 UTC] PHP   2. include() /home/ubuntu/workspace/dmcfate336/finalproject/chatroom.php:6
[08-Dec-2017 04:08:50 UTC] PHP Fatal error:  Call to undefined function getDatabaseConnection() in /home/ubuntu/workspace/dmcfate336/finalproject/phpCalls/reUsers.php on line 3
[08-Dec-2017 04:08:50 UTC] PHP Stack trace:
[08-Dec-2017 04:08:50 UTC] PHP   1. {main}() /home/ubuntu/workspace/dmcfate336/finalproject/chatroom.php:0
[08-Dec-2017 04:08:50 UTC] PHP   2. include() /home/ubuntu/workspace/dmcfate336/finalproject/chatroom.php:6
[08-Dec-2017 04:09:56 UTC] PHP Warning:  include(../../dbConnection.php): failed to open stream: No such file or directory in /home/ubuntu/workspace/dmcfate336/finalproject/phpCalls/reUsers.php on line 2
[08-Dec-2017 04:09:56 UTC] PHP Stack trace:
[08-Dec-2017 04:09:56 UTC] PHP   1. {main}() /home/ubuntu/workspace/dmcfate336/finalproject/chatroom.php:0
[08-Dec-2017 04:09:56 UTC] PHP   2. include() /home/ubuntu/workspace/dmcfate336/finalproject/chatroom.php:6
[08-Dec-2017 04:09:56 UTC] PHP Warning:  include(): Failed opening '../../dbConnection.php' for inclusion (include_path='.:/usr/share/php:/usr/share/pear') in /home/ubuntu/workspace/dmcfate336/finalproject/phpCalls/reUsers.php on line 2
[08-Dec-2017 04:09:56 UTC] PHP Stack trace:
[08-Dec-2017 04:09:56 UTC] PHP   1. {main}() /home/ubuntu/workspace/dmcfate336/finalproject/chatroom.php:0
[08-Dec-2017 04:09:56 UTC] PHP   2. include() /home/ubuntu/workspace/dmcfate336/finalproject/chatroom.php:6
[08-Dec-2017 04:09:56 UTC] PHP Fatal error:  Call to undefined function getDatabaseConnection() in /home/ubuntu/workspace/dmcfate336/finalproject/phpCalls/reUsers.php on line 3
[08-Dec-2017 04:09:56 UTC] PHP Stack trace:
[08-Dec-2017 04:09:56 UTC] PHP   1. {main}() /home/ubuntu/workspace/dmcfate336/finalproject/chatroom.php:0
[08-Dec-2017 04:09:56 UTC] PHP   2. include() /home/ubuntu/workspace/dmcfate336/finalproject/chatroom.php:6
[08-Dec-2017 04:10:15 UTC] PHP Fatal error:  Cannot redeclare getDatabaseConnection() (previously declared in /home/ubuntu/workspace/dmcfate336/dbConnection.php:4) in /home/ubuntu/workspace/dmcfate336/dbConnection.php on line 4
[08-Dec-2017 04:10:15 UTC] PHP Stack trace:
[08-Dec-2017 04:10:15 UTC] PHP   1. {main}() /home/ubuntu/workspace/dmcfate336/finalproject/chatroom.php:0
[08-Dec-2017 04:10:42 UTC] PHP Warning:  include(../../dbConnection.php): failed to open stream: No such file or directory in /home/ubuntu/workspace/dmcfate336/finalproject/phpCalls/reUsers.php on line 2
[08-Dec-2017 04:10:42 UTC] PHP Stack trace:
[08-Dec-2017 04:10:42 UTC] PHP   1. {main}() /home/ubuntu/workspace/dmcfate336/finalproject/chatroom.php:0
[08-Dec-2017 04:10:42 UTC] PHP   2. include() /home/ubuntu/workspace/dmcfate336/finalproject/chatroom.php:6
[08-Dec-2017 04:10:42 UTC] PHP Warning:  include(): Failed opening '../../dbConnection.php' for inclusion (include_path='.:/usr/share/php:/usr/share/pear') in /home/ubuntu/workspace/dmcfate336/finalproject/phpCalls/reUsers.php on line 2
[08-Dec-2017 04:10:42 UTC] PHP Stack trace:
[08-Dec-2017 04:10:42 UTC] PHP   1. {main}() /home/ubuntu/workspace/dmcfate336/finalproject/chatroom.php:0
[08-Dec-2017 04:10:42 UTC] PHP   2. include() /home/ubuntu/workspace/dmcfate336/finalproject/chatroom.php:6
[08-Dec-2017 04:10:42 UTC] PHP Fatal error:  Call to undefined function getDatabaseConnection() in /home/ubuntu/workspace/dmcfate336/finalproject/phpCalls/reUsers.php on line 3
[08-Dec-2017 04:10:42 UTC] PHP Stack trace:
[08-Dec-2017 04:10:42 UTC] PHP   1. {main}() /home/ubuntu/workspace/dmcfate336/finalproject/chatroom.php:0
[08-Dec-2017 04:10:42 UTC] PHP   2. include() /home/ubuntu/workspace/dmcfate336/finalproject/chatroom.php:6
[08-Dec-2017 04:11:05 UTC] PHP Warning:  include(../../dbConnection.php): failed to open stream: No such file or directory in /home/ubuntu/workspace/dmcfate336/finalproject/phpCalls/reUsers.php on line 2
[08-Dec-2017 04:11:05 UTC] PHP Stack trace:
[08-Dec-2017 04:11:05 UTC] PHP   1. {main}() /home/ubuntu/workspace/dmcfate336/finalproject/chatroom.php:0
[08-Dec-2017 04:11:05 UTC] PHP   2. include() /home/ubuntu/workspace/dmcfate336/finalproject/chatroom.php:7
[08-Dec-2017 04:11:05 UTC] PHP Warning:  include(): Failed opening '../../dbConnection.php' for inclusion (include_path='.:/usr/share/php:/usr/share/pear') in /home/ubuntu/workspace/dmcfate336/finalproject/phpCalls/reUsers.php on line 2
[08-Dec-2017 04:11:05 UTC] PHP Stack trace:
[08-Dec-2017 04:11:05 UTC] PHP   1. {main}() /home/ubuntu/workspace/dmcfate336/finalproject/chatroom.php:0
[08-Dec-2017 04:11:05 UTC] PHP   2. include() /home/ubuntu/workspace/dmcfate336/finalproject/chatroom.php:7
[08-Dec-2017 04:52:41 UTC] PHP Parse error:  syntax error, unexpected '?>' in /home/ubuntu/workspace/dmcfate336/finalproject/chatroom.php on line 92
