[19-Sep-2017 19:07:27 UTC] PHP Warning:  Division by zero in /home/ubuntu/workspace/dmcfate336/homework/homework2/generator.php on line 3
[19-Sep-2017 19:07:27 UTC] PHP Stack trace:
[19-Sep-2017 19:07:27 UTC] PHP   1. {main}() /home/ubuntu/workspace/dmcfate336/homework/homework2/index.php:0
[19-Sep-2017 19:07:27 UTC] PHP   2. include() /home/ubuntu/workspace/dmcfate336/homework/homework2/index.php:3
[19-Sep-2017 19:07:27 UTC] PHP Warning:  Division by zero in /home/ubuntu/workspace/dmcfate336/homework/homework2/generator.php on line 3
[19-Sep-2017 19:07:27 UTC] PHP Stack trace:
[19-Sep-2017 19:07:27 UTC] PHP   1. {main}() /home/ubuntu/workspace/dmcfate336/homework/homework2/index.php:0
[19-Sep-2017 19:07:27 UTC] PHP   2. include() /home/ubuntu/workspace/dmcfate336/homework/homework2/index.php:3
[19-Sep-2017 19:07:27 UTC] PHP Warning:  Division by zero in /home/ubuntu/workspace/dmcfate336/homework/homework2/generator.php on line 3
[19-Sep-2017 19:07:27 UTC] PHP Stack trace:
[19-Sep-2017 19:07:27 UTC] PHP   1. {main}() /home/ubuntu/workspace/dmcfate336/homework/homework2/index.php:0
[19-Sep-2017 19:07:27 UTC] PHP   2. include() /home/ubuntu/workspace/dmcfate336/homework/homework2/index.php:3
[19-Sep-2017 19:07:27 UTC] PHP Warning:  Division by zero in /home/ubuntu/workspace/dmcfate336/homework/homework2/generator.php on line 3
[19-Sep-2017 19:07:27 UTC] PHP Stack trace:
[19-Sep-2017 19:07:27 UTC] PHP   1. {main}() /home/ubuntu/workspace/dmcfate336/homework/homework2/index.php:0
[19-Sep-2017 19:07:27 UTC] PHP   2. include() /home/ubuntu/workspace/dmcfate336/homework/homework2/index.php:3
[19-Sep-2017 19:07:27 UTC] PHP Warning:  Division by zero in /home/ubuntu/workspace/dmcfate336/homework/homework2/generator.php on line 3
[19-Sep-2017 19:07:27 UTC] PHP Stack trace:
[19-Sep-2017 19:07:27 UTC] PHP   1. {main}() /home/ubuntu/workspace/dmcfate336/homework/homework2/index.php:0
[19-Sep-2017 19:07:27 UTC] PHP   2. include() /home/ubuntu/workspace/dmcfate336/homework/homework2/index.php:3
[19-Sep-2017 19:07:27 UTC] PHP Warning:  Division by zero in /home/ubuntu/workspace/dmcfate336/homework/homework2/generator.php on line 3
[19-Sep-2017 19:07:27 UTC] PHP Stack trace:
[19-Sep-2017 19:07:27 UTC] PHP   1. {main}() /home/ubuntu/workspace/dmcfate336/homework/homework2/index.php:0
[19-Sep-2017 19:07:27 UTC] PHP   2. include() /home/ubuntu/workspace/dmcfate336/homework/homework2/index.php:3
[20-Sep-2017 03:20:23 UTC] PHP Parse error:  syntax error, unexpected '<' in /home/ubuntu/workspace/dmcfate336/homework/homework2/generator.php on line 45
[20-Sep-2017 03:20:23 UTC] PHP Stack trace:
[20-Sep-2017 03:20:23 UTC] PHP   1. {main}() /home/ubuntu/workspace/dmcfate336/homework/homework2/index.php:0
[20-Sep-2017 04:49:14 UTC] PHP Parse error:  syntax error, unexpected '"', expecting ',' or ';' in /home/ubuntu/workspace/dmcfate336/homework/homework2/functions.php on line 43
[20-Sep-2017 04:49:14 UTC] PHP Stack trace:
[20-Sep-2017 04:49:14 UTC] PHP   1. {main}() /home/ubuntu/workspace/dmcfate336/homework/homework2/index.php:0
[20-Sep-2017 04:49:20 UTC] PHP Parse error:  syntax error, unexpected '"', expecting ',' or ';' in /home/ubuntu/workspace/dmcfate336/homework/homework2/functions.php on line 43
[20-Sep-2017 04:49:20 UTC] PHP Stack trace:
[20-Sep-2017 04:49:20 UTC] PHP   1. {main}() /home/ubuntu/workspace/dmcfate336/homework/homework2/index.php:0
[20-Sep-2017 05:27:35 UTC] PHP Parse error:  syntax error, unexpected 'plains' (T_STRING), expecting ',' or ';' in /home/ubuntu/workspace/dmcfate336/homework/homework2/functions.php on line 44
[20-Sep-2017 05:27:35 UTC] PHP Stack trace:
[20-Sep-2017 05:27:35 UTC] PHP   1. {main}() /home/ubuntu/workspace/dmcfate336/homework/homework2/index.php:0
[20-Sep-2017 05:27:38 UTC] PHP Parse error:  syntax error, unexpected 'plains' (T_STRING), expecting ',' or ';' in /home/ubuntu/workspace/dmcfate336/homework/homework2/functions.php on line 44
[20-Sep-2017 05:27:38 UTC] PHP Stack trace:
[20-Sep-2017 05:27:38 UTC] PHP   1. {main}() /home/ubuntu/workspace/dmcfate336/homework/homework2/index.php:0
[20-Sep-2017 05:27:39 UTC] PHP Parse error:  syntax error, unexpected 'plains' (T_STRING), expecting ',' or ';' in /home/ubuntu/workspace/dmcfate336/homework/homework2/functions.php on line 44
[20-Sep-2017 05:27:39 UTC] PHP Stack trace:
[20-Sep-2017 05:27:39 UTC] PHP   1. {main}() /home/ubuntu/workspace/dmcfate336/homework/homework2/index.php:0
[20-Sep-2017 05:27:40 UTC] PHP Parse error:  syntax error, unexpected 'plains' (T_STRING), expecting ',' or ';' in /home/ubuntu/workspace/dmcfate336/homework/homework2/functions.php on line 44
[20-Sep-2017 05:27:40 UTC] PHP Stack trace:
[20-Sep-2017 05:27:40 UTC] PHP   1. {main}() /home/ubuntu/workspace/dmcfate336/homework/homework2/index.php:0
[20-Sep-2017 05:27:41 UTC] PHP Parse error:  syntax error, unexpected 'plains' (T_STRING), expecting ',' or ';' in /home/ubuntu/workspace/dmcfate336/homework/homework2/functions.php on line 44
[20-Sep-2017 05:27:41 UTC] PHP Stack trace:
[20-Sep-2017 05:27:41 UTC] PHP   1. {main}() /home/ubuntu/workspace/dmcfate336/homework/homework2/index.php:0
[20-Sep-2017 05:27:42 UTC] PHP Parse error:  syntax error, unexpected 'plains' (T_STRING), expecting ',' or ';' in /home/ubuntu/workspace/dmcfate336/homework/homework2/functions.php on line 44
[20-Sep-2017 05:27:42 UTC] PHP Stack trace:
[20-Sep-2017 05:27:42 UTC] PHP   1. {main}() /home/ubuntu/workspace/dmcfate336/homework/homework2/index.php:0
[20-Sep-2017 05:27:44 UTC] PHP Parse error:  syntax error, unexpected 'plains' (T_STRING), expecting ',' or ';' in /home/ubuntu/workspace/dmcfate336/homework/homework2/functions.php on line 44
[20-Sep-2017 05:27:44 UTC] PHP Stack trace:
[20-Sep-2017 05:27:44 UTC] PHP   1. {main}() /home/ubuntu/workspace/dmcfate336/homework/homework2/index.php:0
[20-Sep-2017 05:27:45 UTC] PHP Parse error:  syntax error, unexpected 'plains' (T_STRING), expecting ',' or ';' in /home/ubuntu/workspace/dmcfate336/homework/homework2/functions.php on line 44
[20-Sep-2017 05:27:45 UTC] PHP Stack trace:
[20-Sep-2017 05:27:45 UTC] PHP   1. {main}() /home/ubuntu/workspace/dmcfate336/homework/homework2/index.php:0
[20-Sep-2017 05:27:47 UTC] PHP Parse error:  syntax error, unexpected 'plains' (T_STRING), expecting ',' or ';' in /home/ubuntu/workspace/dmcfate336/homework/homework2/functions.php on line 44
[20-Sep-2017 05:27:47 UTC] PHP Stack trace:
[20-Sep-2017 05:27:47 UTC] PHP   1. {main}() /home/ubuntu/workspace/dmcfate336/homework/homework2/index.php:0
[20-Sep-2017 05:28:02 UTC] PHP Parse error:  syntax error, unexpected '[', expecting ',' or ';' in /home/ubuntu/workspace/dmcfate336/homework/homework2/functions.php on line 44
[20-Sep-2017 05:28:02 UTC] PHP Stack trace:
[20-Sep-2017 05:28:02 UTC] PHP   1. {main}() /home/ubuntu/workspace/dmcfate336/homework/homework2/index.php:0
[20-Sep-2017 05:28:03 UTC] PHP Parse error:  syntax error, unexpected '[', expecting ',' or ';' in /home/ubuntu/workspace/dmcfate336/homework/homework2/functions.php on line 44
[20-Sep-2017 05:28:03 UTC] PHP Stack trace:
[20-Sep-2017 05:28:03 UTC] PHP   1. {main}() /home/ubuntu/workspace/dmcfate336/homework/homework2/index.php:0
[20-Sep-2017 05:28:04 UTC] PHP Parse error:  syntax error, unexpected '[', expecting ',' or ';' in /home/ubuntu/workspace/dmcfate336/homework/homework2/functions.php on line 44
[20-Sep-2017 05:28:04 UTC] PHP Stack trace:
[20-Sep-2017 05:28:04 UTC] PHP   1. {main}() /home/ubuntu/workspace/dmcfate336/homework/homework2/index.php:0
[11-Oct-2017 02:59:10 UTC] PHP Warning:  session_destroy(): Trying to destroy uninitialized session in /home/ubuntu/workspace/dmcfate336/homework/homework3/index.php on line 3
[11-Oct-2017 02:59:10 UTC] PHP Stack trace:
[11-Oct-2017 02:59:10 UTC] PHP   1. {main}() /home/ubuntu/workspace/dmcfate336/homework/homework3/index.php:0
[11-Oct-2017 02:59:10 UTC] PHP   2. session_destroy() /home/ubuntu/workspace/dmcfate336/homework/homework3/index.php:3
[11-Oct-2017 02:59:11 UTC] PHP Warning:  session_destroy(): Trying to destroy uninitialized session in /home/ubuntu/workspace/dmcfate336/homework/homework3/index.php on line 3
[11-Oct-2017 02:59:11 UTC] PHP Stack trace:
[11-Oct-2017 02:59:11 UTC] PHP   1. {main}() /home/ubuntu/workspace/dmcfate336/homework/homework3/index.php:0
[11-Oct-2017 02:59:11 UTC] PHP   2. session_destroy() /home/ubuntu/workspace/dmcfate336/homework/homework3/index.php:3
[11-Oct-2017 02:59:12 UTC] PHP Warning:  session_destroy(): Trying to destroy uninitialized session in /home/ubuntu/workspace/dmcfate336/homework/homework3/index.php on line 3
[11-Oct-2017 02:59:12 UTC] PHP Stack trace:
[11-Oct-2017 02:59:12 UTC] PHP   1. {main}() /home/ubuntu/workspace/dmcfate336/homework/homework3/index.php:0
[11-Oct-2017 02:59:12 UTC] PHP   2. session_destroy() /home/ubuntu/workspace/dmcfate336/homework/homework3/index.php:3
[11-Oct-2017 02:59:12 UTC] PHP Warning:  session_destroy(): Trying to destroy uninitialized session in /home/ubuntu/workspace/dmcfate336/homework/homework3/index.php on line 3
[11-Oct-2017 02:59:12 UTC] PHP Stack trace:
[11-Oct-2017 02:59:12 UTC] PHP   1. {main}() /home/ubuntu/workspace/dmcfate336/homework/homework3/index.php:0
[11-Oct-2017 02:59:12 UTC] PHP   2. session_destroy() /home/ubuntu/workspace/dmcfate336/homework/homework3/index.php:3
[11-Oct-2017 02:59:13 UTC] PHP Warning:  session_destroy(): Trying to destroy uninitialized session in /home/ubuntu/workspace/dmcfate336/homework/homework3/index.php on line 3
[11-Oct-2017 02:59:13 UTC] PHP Stack trace:
[11-Oct-2017 02:59:13 UTC] PHP   1. {main}() /home/ubuntu/workspace/dmcfate336/homework/homework3/index.php:0
[11-Oct-2017 02:59:13 UTC] PHP   2. session_destroy() /home/ubuntu/workspace/dmcfate336/homework/homework3/index.php:3
[11-Oct-2017 02:59:14 UTC] PHP Warning:  session_destroy(): Trying to destroy uninitialized session in /home/ubuntu/workspace/dmcfate336/homework/homework3/index.php on line 3
[11-Oct-2017 02:59:14 UTC] PHP Stack trace:
[11-Oct-2017 02:59:14 UTC] PHP   1. {main}() /home/ubuntu/workspace/dmcfate336/homework/homework3/index.php:0
[11-Oct-2017 02:59:14 UTC] PHP   2. session_destroy() /home/ubuntu/workspace/dmcfate336/homework/homework3/index.php:3
[11-Oct-2017 02:59:14 UTC] PHP Warning:  session_destroy(): Trying to destroy uninitialized session in /home/ubuntu/workspace/dmcfate336/homework/homework3/index.php on line 3
[11-Oct-2017 02:59:14 UTC] PHP Stack trace:
[11-Oct-2017 02:59:14 UTC] PHP   1. {main}() /home/ubuntu/workspace/dmcfate336/homework/homework3/index.php:0
[11-Oct-2017 02:59:14 UTC] PHP   2. session_destroy() /home/ubuntu/workspace/dmcfate336/homework/homework3/index.php:3
[11-Oct-2017 02:59:15 UTC] PHP Warning:  session_destroy(): Trying to destroy uninitialized session in /home/ubuntu/workspace/dmcfate336/homework/homework3/index.php on line 3
[11-Oct-2017 02:59:15 UTC] PHP Stack trace:
[11-Oct-2017 02:59:15 UTC] PHP   1. {main}() /home/ubuntu/workspace/dmcfate336/homework/homework3/index.php:0
[11-Oct-2017 02:59:15 UTC] PHP   2. session_destroy() /home/ubuntu/workspace/dmcfate336/homework/homework3/index.php:3
[11-Oct-2017 02:59:15 UTC] PHP Warning:  session_destroy(): Trying to destroy uninitialized session in /home/ubuntu/workspace/dmcfate336/homework/homework3/index.php on line 3
[11-Oct-2017 02:59:15 UTC] PHP Stack trace:
[11-Oct-2017 02:59:15 UTC] PHP   1. {main}() /home/ubuntu/workspace/dmcfate336/homework/homework3/index.php:0
[11-Oct-2017 02:59:15 UTC] PHP   2. session_destroy() /home/ubuntu/workspace/dmcfate336/homework/homework3/index.php:3
[11-Oct-2017 02:59:16 UTC] PHP Warning:  session_destroy(): Trying to destroy uninitialized session in /home/ubuntu/workspace/dmcfate336/homework/homework3/index.php on line 3
[11-Oct-2017 02:59:16 UTC] PHP Stack trace:
[11-Oct-2017 02:59:16 UTC] PHP   1. {main}() /home/ubuntu/workspace/dmcfate336/homework/homework3/index.php:0
[11-Oct-2017 02:59:16 UTC] PHP   2. session_destroy() /home/ubuntu/workspace/dmcfate336/homework/homework3/index.php:3
[11-Oct-2017 02:59:16 UTC] PHP Warning:  session_destroy(): Trying to destroy uninitialized session in /home/ubuntu/workspace/dmcfate336/homework/homework3/index.php on line 3
[11-Oct-2017 02:59:16 UTC] PHP Stack trace:
[11-Oct-2017 02:59:16 UTC] PHP   1. {main}() /home/ubuntu/workspace/dmcfate336/homework/homework3/index.php:0
[11-Oct-2017 02:59:16 UTC] PHP   2. session_destroy() /home/ubuntu/workspace/dmcfate336/homework/homework3/index.php:3
[11-Oct-2017 02:59:17 UTC] PHP Warning:  session_destroy(): Trying to destroy uninitialized session in /home/ubuntu/workspace/dmcfate336/homework/homework3/index.php on line 3
[11-Oct-2017 02:59:17 UTC] PHP Stack trace:
[11-Oct-2017 02:59:17 UTC] PHP   1. {main}() /home/ubuntu/workspace/dmcfate336/homework/homework3/index.php:0
[11-Oct-2017 02:59:17 UTC] PHP   2. session_destroy() /home/ubuntu/workspace/dmcfate336/homework/homework3/index.php:3
[11-Oct-2017 02:59:17 UTC] PHP Warning:  session_destroy(): Trying to destroy uninitialized session in /home/ubuntu/workspace/dmcfate336/homework/homework3/index.php on line 3
[11-Oct-2017 02:59:17 UTC] PHP Stack trace:
[11-Oct-2017 02:59:17 UTC] PHP   1. {main}() /home/ubuntu/workspace/dmcfate336/homework/homework3/index.php:0
[11-Oct-2017 02:59:17 UTC] PHP   2. session_destroy() /home/ubuntu/workspace/dmcfate336/homework/homework3/index.php:3
[11-Oct-2017 02:59:18 UTC] PHP Warning:  session_destroy(): Trying to destroy uninitialized session in /home/ubuntu/workspace/dmcfate336/homework/homework3/index.php on line 3
[11-Oct-2017 02:59:18 UTC] PHP Stack trace:
[11-Oct-2017 02:59:18 UTC] PHP   1. {main}() /home/ubuntu/workspace/dmcfate336/homework/homework3/index.php:0
[11-Oct-2017 02:59:18 UTC] PHP   2. session_destroy() /home/ubuntu/workspace/dmcfate336/homework/homework3/index.php:3
