[07-Dec-2017 09:35:15 UTC] PHP Fatal error:  Uncaught exception 'PDOException' with message 'SQLSTATE[HY093]: Invalid parameter number: number of bound variables does not match number of tokens' in /home/ubuntu/workspace/dmcfate336/finalproject/phpCalls/loginUser.php:29
Stack trace:
#0 /home/ubuntu/workspace/dmcfate336/finalproject/phpCalls/loginUser.php(29): PDOStatement->execute(Array)
#1 {main}
  thrown in /home/ubuntu/workspace/dmcfate336/finalproject/phpCalls/loginUser.php on line 29
[07-Dec-2017 10:32:39 UTC] PHP Warning:  Missing argument 1 for getDatabaseConnection(), called in /home/ubuntu/workspace/dmcfate336/finalproject/phpCalls/post.php on line 4 and defined in /home/ubuntu/workspace/dmcfate336/dbConnection.php on line 4
[07-Dec-2017 10:32:39 UTC] PHP Stack trace:
[07-Dec-2017 10:32:39 UTC] PHP   1. {main}() /home/ubuntu/workspace/dmcfate336/finalproject/phpCalls/post.php:0
[07-Dec-2017 10:32:39 UTC] PHP   2. getDatabaseConnection() /home/ubuntu/workspace/dmcfate336/finalproject/phpCalls/post.php:4
[07-Dec-2017 10:32:39 UTC] PHP Fatal error:  Uncaught exception 'PDOException' with message 'SQLSTATE[3D000]: Invalid catalog name: 1046 No database selected' in /home/ubuntu/workspace/dmcfate336/finalproject/phpCalls/post.php:17
Stack trace:
#0 /home/ubuntu/workspace/dmcfate336/finalproject/phpCalls/post.php(17): PDOStatement->execute(Array)
#1 {main}
  thrown in /home/ubuntu/workspace/dmcfate336/finalproject/phpCalls/post.php on line 17
[07-Dec-2017 10:34:09 UTC] PHP Warning:  Missing argument 1 for getDatabaseConnection(), called in /home/ubuntu/workspace/dmcfate336/finalproject/phpCalls/post.php on line 4 and defined in /home/ubuntu/workspace/dmcfate336/dbConnection.php on line 4
[07-Dec-2017 10:34:09 UTC] PHP Stack trace:
[07-Dec-2017 10:34:09 UTC] PHP   1. {main}() /home/ubuntu/workspace/dmcfate336/finalproject/phpCalls/post.php:0
[07-Dec-2017 10:34:09 UTC] PHP   2. getDatabaseConnection() /home/ubuntu/workspace/dmcfate336/finalproject/phpCalls/post.php:4
[07-Dec-2017 10:34:09 UTC] PHP Fatal error:  Uncaught exception 'PDOException' with message 'SQLSTATE[3D000]: Invalid catalog name: 1046 No database selected' in /home/ubuntu/workspace/dmcfate336/finalproject/phpCalls/post.php:17
Stack trace:
#0 /home/ubuntu/workspace/dmcfate336/finalproject/phpCalls/post.php(17): PDOStatement->execute(Array)
#1 {main}
  thrown in /home/ubuntu/workspace/dmcfate336/finalproject/phpCalls/post.php on line 17
[07-Dec-2017 10:34:25 UTC] PHP Warning:  Missing argument 1 for getDatabaseConnection(), called in /home/ubuntu/workspace/dmcfate336/finalproject/phpCalls/post.php on line 4 and defined in /home/ubuntu/workspace/dmcfate336/dbConnection.php on line 4
[07-Dec-2017 10:34:25 UTC] PHP Stack trace:
[07-Dec-2017 10:34:25 UTC] PHP   1. {main}() /home/ubuntu/workspace/dmcfate336/finalproject/phpCalls/post.php:0
[07-Dec-2017 10:34:25 UTC] PHP   2. getDatabaseConnection() /home/ubuntu/workspace/dmcfate336/finalproject/phpCalls/post.php:4
[07-Dec-2017 10:34:25 UTC] PHP Fatal error:  Uncaught exception 'PDOException' with message 'SQLSTATE[3D000]: Invalid catalog name: 1046 No database selected' in /home/ubuntu/workspace/dmcfate336/finalproject/phpCalls/post.php:17
Stack trace:
#0 /home/ubuntu/workspace/dmcfate336/finalproject/phpCalls/post.php(17): PDOStatement->execute(Array)
#1 {main}
  thrown in /home/ubuntu/workspace/dmcfate336/finalproject/phpCalls/post.php on line 17
[07-Dec-2017 10:34:59 UTC] PHP Warning:  Missing argument 1 for getDatabaseConnection(), called in /home/ubuntu/workspace/dmcfate336/finalproject/phpCalls/post.php on line 4 and defined in /home/ubuntu/workspace/dmcfate336/dbConnection.php on line 4
[07-Dec-2017 10:34:59 UTC] PHP Stack trace:
[07-Dec-2017 10:34:59 UTC] PHP   1. {main}() /home/ubuntu/workspace/dmcfate336/finalproject/phpCalls/post.php:0
[07-Dec-2017 10:34:59 UTC] PHP   2. getDatabaseConnection() /home/ubuntu/workspace/dmcfate336/finalproject/phpCalls/post.php:4
[07-Dec-2017 10:34:59 UTC] PHP Fatal error:  Uncaught exception 'PDOException' with message 'SQLSTATE[3D000]: Invalid catalog name: 1046 No database selected' in /home/ubuntu/workspace/dmcfate336/finalproject/phpCalls/post.php:17
Stack trace:
#0 /home/ubuntu/workspace/dmcfate336/finalproject/phpCalls/post.php(17): PDOStatement->execute(Array)
#1 {main}
  thrown in /home/ubuntu/workspace/dmcfate336/finalproject/phpCalls/post.php on line 17
[07-Dec-2017 10:35:34 UTC] PHP Warning:  Missing argument 1 for getDatabaseConnection(), called in /home/ubuntu/workspace/dmcfate336/finalproject/phpCalls/post.php on line 4 and defined in /home/ubuntu/workspace/dmcfate336/dbConnection.php on line 4
[07-Dec-2017 10:35:34 UTC] PHP Stack trace:
[07-Dec-2017 10:35:34 UTC] PHP   1. {main}() /home/ubuntu/workspace/dmcfate336/finalproject/phpCalls/post.php:0
[07-Dec-2017 10:35:34 UTC] PHP   2. getDatabaseConnection() /home/ubuntu/workspace/dmcfate336/finalproject/phpCalls/post.php:4
[07-Dec-2017 10:35:34 UTC] PHP Fatal error:  Uncaught exception 'PDOException' with message 'SQLSTATE[3D000]: Invalid catalog name: 1046 No database selected' in /home/ubuntu/workspace/dmcfate336/finalproject/phpCalls/post.php:17
Stack trace:
#0 /home/ubuntu/workspace/dmcfate336/finalproject/phpCalls/post.php(17): PDOStatement->execute(Array)
#1 {main}
  thrown in /home/ubuntu/workspace/dmcfate336/finalproject/phpCalls/post.php on line 17
[08-Dec-2017 02:52:43 UTC] PHP Fatal error:  Uncaught exception 'PDOException' with message 'SQLSTATE[23000]: Integrity constraint violation: 1048 Column 'text' cannot be null' in /home/ubuntu/workspace/dmcfate336/finalproject/phpCalls/post.php:17
Stack trace:
#0 /home/ubuntu/workspace/dmcfate336/finalproject/phpCalls/post.php(17): PDOStatement->execute(Array)
#1 {main}
  thrown in /home/ubuntu/workspace/dmcfate336/finalproject/phpCalls/post.php on line 17
[08-Dec-2017 04:05:50 UTC] PHP Warning:  include(../dbConnection.php): failed to open stream: No such file or directory in /home/ubuntu/workspace/dmcfate336/finalproject/phpCalls/reUsers.php on line 2
[08-Dec-2017 04:05:50 UTC] PHP Stack trace:
[08-Dec-2017 04:05:50 UTC] PHP   1. {main}() /home/ubuntu/workspace/dmcfate336/finalproject/phpCalls/reUsers.php:0
[08-Dec-2017 04:05:50 UTC] PHP Warning:  include(): Failed opening '../dbConnection.php' for inclusion (include_path='.:/usr/share/php:/usr/share/pear') in /home/ubuntu/workspace/dmcfate336/finalproject/phpCalls/reUsers.php on line 2
[08-Dec-2017 04:05:50 UTC] PHP Stack trace:
[08-Dec-2017 04:05:50 UTC] PHP   1. {main}() /home/ubuntu/workspace/dmcfate336/finalproject/phpCalls/reUsers.php:0
[08-Dec-2017 04:05:50 UTC] PHP Fatal error:  Call to undefined function getDatabaseConnection() in /home/ubuntu/workspace/dmcfate336/finalproject/phpCalls/reUsers.php on line 3
[08-Dec-2017 04:05:50 UTC] PHP Stack trace:
[08-Dec-2017 04:05:50 UTC] PHP   1. {main}() /home/ubuntu/workspace/dmcfate336/finalproject/phpCalls/reUsers.php:0
[08-Dec-2017 04:05:51 UTC] PHP Warning:  include(../dbConnection.php): failed to open stream: No such file or directory in /home/ubuntu/workspace/dmcfate336/finalproject/phpCalls/reUsers.php on line 2
[08-Dec-2017 04:05:51 UTC] PHP Stack trace:
[08-Dec-2017 04:05:51 UTC] PHP   1. {main}() /home/ubuntu/workspace/dmcfate336/finalproject/phpCalls/reUsers.php:0
[08-Dec-2017 04:05:51 UTC] PHP Warning:  include(): Failed opening '../dbConnection.php' for inclusion (include_path='.:/usr/share/php:/usr/share/pear') in /home/ubuntu/workspace/dmcfate336/finalproject/phpCalls/reUsers.php on line 2
[08-Dec-2017 04:05:51 UTC] PHP Stack trace:
[08-Dec-2017 04:05:51 UTC] PHP   1. {main}() /home/ubuntu/workspace/dmcfate336/finalproject/phpCalls/reUsers.php:0
[08-Dec-2017 04:05:51 UTC] PHP Fatal error:  Call to undefined function getDatabaseConnection() in /home/ubuntu/workspace/dmcfate336/finalproject/phpCalls/reUsers.php on line 3
[08-Dec-2017 04:05:51 UTC] PHP Stack trace:
[08-Dec-2017 04:05:51 UTC] PHP   1. {main}() /home/ubuntu/workspace/dmcfate336/finalproject/phpCalls/reUsers.php:0
[08-Dec-2017 04:06:42 UTC] PHP Warning:  include(../dbConnection.php): failed to open stream: No such file or directory in /home/ubuntu/workspace/dmcfate336/finalproject/phpCalls/reUsers.php on line 2
[08-Dec-2017 04:06:42 UTC] PHP Stack trace:
[08-Dec-2017 04:06:42 UTC] PHP   1. {main}() /home/ubuntu/workspace/dmcfate336/finalproject/phpCalls/reUsers.php:0
[08-Dec-2017 04:06:42 UTC] PHP Warning:  include(): Failed opening '../dbConnection.php' for inclusion (include_path='.:/usr/share/php:/usr/share/pear') in /home/ubuntu/workspace/dmcfate336/finalproject/phpCalls/reUsers.php on line 2
[08-Dec-2017 04:06:42 UTC] PHP Stack trace:
[08-Dec-2017 04:06:42 UTC] PHP   1. {main}() /home/ubuntu/workspace/dmcfate336/finalproject/phpCalls/reUsers.php:0
[08-Dec-2017 04:06:42 UTC] PHP Fatal error:  Call to undefined function getDatabaseConnection() in /home/ubuntu/workspace/dmcfate336/finalproject/phpCalls/reUsers.php on line 3
[08-Dec-2017 04:06:42 UTC] PHP Stack trace:
[08-Dec-2017 04:06:42 UTC] PHP   1. {main}() /home/ubuntu/workspace/dmcfate336/finalproject/phpCalls/reUsers.php:0
[08-Dec-2017 04:07:04 UTC] PHP Warning:  include(../dbConnection.php): failed to open stream: No such file or directory in /home/ubuntu/workspace/dmcfate336/finalproject/phpCalls/reUsers.php on line 2
[08-Dec-2017 04:07:04 UTC] PHP Stack trace:
[08-Dec-2017 04:07:04 UTC] PHP   1. {main}() /home/ubuntu/workspace/dmcfate336/finalproject/phpCalls/reUsers.php:0
[08-Dec-2017 04:07:04 UTC] PHP Warning:  include(): Failed opening '../dbConnection.php' for inclusion (include_path='.:/usr/share/php:/usr/share/pear') in /home/ubuntu/workspace/dmcfate336/finalproject/phpCalls/reUsers.php on line 2
[08-Dec-2017 04:07:04 UTC] PHP Stack trace:
[08-Dec-2017 04:07:04 UTC] PHP   1. {main}() /home/ubuntu/workspace/dmcfate336/finalproject/phpCalls/reUsers.php:0
[08-Dec-2017 04:07:04 UTC] PHP Fatal error:  Call to undefined function getDatabaseConnection() in /home/ubuntu/workspace/dmcfate336/finalproject/phpCalls/reUsers.php on line 3
[08-Dec-2017 04:07:04 UTC] PHP Stack trace:
[08-Dec-2017 04:07:04 UTC] PHP   1. {main}() /home/ubuntu/workspace/dmcfate336/finalproject/phpCalls/reUsers.php:0
[08-Dec-2017 04:07:50 UTC] PHP Warning:  include(../dbConnection.php): failed to open stream: No such file or directory in /home/ubuntu/workspace/dmcfate336/finalproject/phpCalls/reUsers.php on line 2
[08-Dec-2017 04:07:50 UTC] PHP Stack trace:
[08-Dec-2017 04:07:50 UTC] PHP   1. {main}() /home/ubuntu/workspace/dmcfate336/finalproject/phpCalls/reUsers.php:0
[08-Dec-2017 04:07:50 UTC] PHP Warning:  include(): Failed opening '../dbConnection.php' for inclusion (include_path='.:/usr/share/php:/usr/share/pear') in /home/ubuntu/workspace/dmcfate336/finalproject/phpCalls/reUsers.php on line 2
[08-Dec-2017 04:07:50 UTC] PHP Stack trace:
[08-Dec-2017 04:07:50 UTC] PHP   1. {main}() /home/ubuntu/workspace/dmcfate336/finalproject/phpCalls/reUsers.php:0
[08-Dec-2017 04:07:50 UTC] PHP Fatal error:  Call to undefined function getDatabaseConnection() in /home/ubuntu/workspace/dmcfate336/finalproject/phpCalls/reUsers.php on line 3
[08-Dec-2017 04:07:50 UTC] PHP Stack trace:
[08-Dec-2017 04:07:50 UTC] PHP   1. {main}() /home/ubuntu/workspace/dmcfate336/finalproject/phpCalls/reUsers.php:0
[08-Dec-2017 04:07:52 UTC] PHP Warning:  include(../dbConnection.php): failed to open stream: No such file or directory in /home/ubuntu/workspace/dmcfate336/finalproject/phpCalls/reUsers.php on line 2
[08-Dec-2017 04:07:52 UTC] PHP Stack trace:
[08-Dec-2017 04:07:52 UTC] PHP   1. {main}() /home/ubuntu/workspace/dmcfate336/finalproject/phpCalls/reUsers.php:0
[08-Dec-2017 04:07:52 UTC] PHP Warning:  include(): Failed opening '../dbConnection.php' for inclusion (include_path='.:/usr/share/php:/usr/share/pear') in /home/ubuntu/workspace/dmcfate336/finalproject/phpCalls/reUsers.php on line 2
[08-Dec-2017 04:07:52 UTC] PHP Stack trace:
[08-Dec-2017 04:07:52 UTC] PHP   1. {main}() /home/ubuntu/workspace/dmcfate336/finalproject/phpCalls/reUsers.php:0
[08-Dec-2017 04:07:52 UTC] PHP Fatal error:  Call to undefined function getDatabaseConnection() in /home/ubuntu/workspace/dmcfate336/finalproject/phpCalls/reUsers.php on line 3
[08-Dec-2017 04:07:52 UTC] PHP Stack trace:
[08-Dec-2017 04:07:52 UTC] PHP   1. {main}() /home/ubuntu/workspace/dmcfate336/finalproject/phpCalls/reUsers.php:0
[08-Dec-2017 04:08:26 UTC] PHP Warning:  include(../dbConnection.php): failed to open stream: No such file or directory in /home/ubuntu/workspace/dmcfate336/finalproject/phpCalls/reUsers.php on line 2
[08-Dec-2017 04:08:26 UTC] PHP Stack trace:
[08-Dec-2017 04:08:26 UTC] PHP   1. {main}() /home/ubuntu/workspace/dmcfate336/finalproject/phpCalls/reUsers.php:0
[08-Dec-2017 04:08:26 UTC] PHP Warning:  include(): Failed opening '../dbConnection.php' for inclusion (include_path='.:/usr/share/php:/usr/share/pear') in /home/ubuntu/workspace/dmcfate336/finalproject/phpCalls/reUsers.php on line 2
[08-Dec-2017 04:08:26 UTC] PHP Stack trace:
[08-Dec-2017 04:08:26 UTC] PHP   1. {main}() /home/ubuntu/workspace/dmcfate336/finalproject/phpCalls/reUsers.php:0
[08-Dec-2017 04:08:26 UTC] PHP Fatal error:  Call to undefined function getDatabaseConnection() in /home/ubuntu/workspace/dmcfate336/finalproject/phpCalls/reUsers.php on line 3
[08-Dec-2017 04:08:26 UTC] PHP Stack trace:
[08-Dec-2017 04:08:26 UTC] PHP   1. {main}() /home/ubuntu/workspace/dmcfate336/finalproject/phpCalls/reUsers.php:0
[08-Dec-2017 06:01:02 UTC] PHP Fatal error:  Uncaught exception 'PDOException' with message 'SQLSTATE[42000]: Syntax error or access violation: 1103 Incorrect table name 'chat_text
        WHERE text LIKE '%:text%'
        ORDER BY timePosted DESC'' in /home/ubuntu/workspace/dmcfate336/finalproject/phpCalls/sortText.php:13
Stack trace:
#0 /home/ubuntu/workspace/dmcfate336/finalproject/phpCalls/sortText.php(13): PDOStatement->execute(Array)
#1 {main}
  thrown in /home/ubuntu/workspace/dmcfate336/finalproject/phpCalls/sortText.php on line 13
[08-Dec-2017 06:01:03 UTC] PHP Fatal error:  Uncaught exception 'PDOException' with message 'SQLSTATE[42000]: Syntax error or access violation: 1103 Incorrect table name 'chat_text
        WHERE text LIKE '%:text%'
        ORDER BY timePosted DESC'' in /home/ubuntu/workspace/dmcfate336/finalproject/phpCalls/sortText.php:13
Stack trace:
#0 /home/ubuntu/workspace/dmcfate336/finalproject/phpCalls/sortText.php(13): PDOStatement->execute(Array)
#1 {main}
  thrown in /home/ubuntu/workspace/dmcfate336/finalproject/phpCalls/sortText.php on line 13
[08-Dec-2017 06:01:03 UTC] PHP Fatal error:  Uncaught exception 'PDOException' with message 'SQLSTATE[42000]: Syntax error or access violation: 1103 Incorrect table name 'chat_text
        WHERE text LIKE '%:text%'
        ORDER BY timePosted DESC'' in /home/ubuntu/workspace/dmcfate336/finalproject/phpCalls/sortText.php:13
Stack trace:
#0 /home/ubuntu/workspace/dmcfate336/finalproject/phpCalls/sortText.php(13): PDOStatement->execute(Array)
#1 {main}
  thrown in /home/ubuntu/workspace/dmcfate336/finalproject/phpCalls/sortText.php on line 13
[08-Dec-2017 06:01:14 UTC] PHP Fatal error:  Uncaught exception 'PDOException' with message 'SQLSTATE[42000]: Syntax error or access violation: 1103 Incorrect table name 'chat_text
        WHERE text LIKE '%:text%'
        ORDER BY timePosted DESC'' in /home/ubuntu/workspace/dmcfate336/finalproject/phpCalls/sortText.php:13
Stack trace:
#0 /home/ubuntu/workspace/dmcfate336/finalproject/phpCalls/sortText.php(13): PDOStatement->execute(Array)
#1 {main}
  thrown in /home/ubuntu/workspace/dmcfate336/finalproject/phpCalls/sortText.php on line 13
